Start testing: Apr 19 12:45 IST
----------------------------------------------------------
1/3 Testing: TransactionTests
1/3 Test: TransactionTests
Command: "/home/sha/Documents/Development/Transaction Manager/Transaction_manager/build_make/test/test_transactions"
Directory: /home/sha/Documents/Development/Transaction Manager/Transaction_manager/build_make/test
"TransactionTests" start time: Apr 19 12:45 IST
Output:
----------------------------------------------------------
Transaction Manager - Running Tests
Transaction 1 ID: 1
Transaction 2 ID: 2
<end of output>
Test time =   0.00 sec
----------------------------------------------------------
Test Passed.
"TransactionTests" end time: Apr 19 12:45 IST
"TransactionTests" time elapsed: 00:00:00
----------------------------------------------------------

2/3 Testing: DeadlockTests
2/3 Test: DeadlockTests
Command: "/home/sha/Documents/Development/Transaction Manager/Transaction_manager/build_make/test/test_deadlock"
Directory: /home/sha/Documents/Development/Transaction Manager/Transaction_manager/build_make/test
"DeadlockTests" start time: Apr 19 12:45 IST
Output:
----------------------------------------------------------
Testing Deadlock Detection
Graph with no cycle - hasCycle: false
Graph with cycle - hasCycle: true
<end of output>
Test time =   0.00 sec
----------------------------------------------------------
Test Passed.
"DeadlockTests" end time: Apr 19 12:45 IST
"DeadlockTests" time elapsed: 00:00:00
----------------------------------------------------------

3/3 Testing: RecoveryTests
3/3 Test: RecoveryTests
Command: "/home/sha/Documents/Development/Transaction Manager/Transaction_manager/build_make/test/test_recovery"
Directory: /home/sha/Documents/Development/Transaction Manager/Transaction_manager/build_make/test
"RecoveryTests" start time: Apr 19 12:45 IST
Output:
----------------------------------------------------------
Testing Recovery Management
Log record created for transaction 1
<end of output>
Test time =   0.00 sec
----------------------------------------------------------
Test Passed.
"RecoveryTests" end time: Apr 19 12:45 IST
"RecoveryTests" time elapsed: 00:00:00
----------------------------------------------------------

End testing: Apr 19 12:45 IST
